This is pdfTeX, Version 3.14159265-2.6-1.40.16 (TeX Live 2015/Debian) (preloaded format=pdflatex 2016.11.11)  1 DEC 2016 10:19
entering extended mode
 restricted \write18 enabled.
 %&-line parsing enabled.
**Trabalho.tex
(./Trabalho.tex
LaTeX2e <2016/02/01>
Babel <3.9q> and hyphenation patterns for 81 language(s) loaded.
(/usr/share/texlive/texmf-dist/tex/latex/base/article.cls
Document Class: article 2014/09/29 v1.4h Standard LaTeX document class
(/usr/share/texlive/texmf-dist/tex/latex/base/size11.clo
File: size11.clo 2014/09/29 v1.4h Standard LaTeX file (size option)
)
\c@part=\count79
\c@section=\count80
\c@subsection=\count81
\c@subsubsection=\count82
\c@paragraph=\count83
\c@subparagraph=\count84
\c@figure=\count85
\c@table=\count86
\abovecaptionskip=\skip41
\belowcaptionskip=\skip42
\bibindent=\dimen102
)
(/usr/share/texlive/texmf-dist/tex/latex/base/inputenc.sty
Package: inputenc 2015/03/17 v1.2c Input encoding file
\inpenc@prehook=\toks14
\inpenc@posthook=\toks15

(/usr/share/texlive/texmf-dist/tex/latex/base/latin1.def
File: latin1.def 2015/03/17 v1.2c Input encoding file
))
(/usr/share/texlive/texmf-dist/tex/latex/base/fontenc.sty
Package: fontenc 2005/09/27 v1.99g Standard LaTeX package

(/usr/share/texlive/texmf-dist/tex/latex/base/t1enc.def
File: t1enc.def 2005/09/27 v1.99g Standard LaTeX file
LaTeX Font Info:    Redeclaring font encoding T1 on input line 48.
))
(/usr/share/texlive/texmf-dist/tex/latex/geometry/geometry.sty
Package: geometry 2010/09/12 v5.6 Page Geometry

(/usr/share/texlive/texmf-dist/tex/latex/graphics/keyval.sty
Package: keyval 2014/10/28 v1.15 key=value parser (DPC)
\KV@toks@=\toks16
)
(/usr/share/texlive/texmf-dist/tex/generic/oberdiek/ifpdf.sty
Package: ifpdf 2011/01/30 v2.3 Provides the ifpdf switch (HO)
Package ifpdf Info: pdfTeX in PDF mode is detected.
)
(/usr/share/texlive/texmf-dist/tex/generic/oberdiek/ifvtex.sty
Package: ifvtex 2010/03/01 v1.5 Detect VTeX and its facilities (HO)
Package ifvtex Info: VTeX not detected.
)
(/usr/share/texlive/texmf-dist/tex/generic/ifxetex/ifxetex.sty
Package: ifxetex 2010/09/12 v0.6 Provides ifxetex conditional
)
\Gm@cnth=\count87
\Gm@cntv=\count88
\c@Gm@tempcnt=\count89
\Gm@bindingoffset=\dimen103
\Gm@wd@mp=\dimen104
\Gm@odd@mp=\dimen105
\Gm@even@mp=\dimen106
\Gm@layoutwidth=\dimen107
\Gm@layoutheight=\dimen108
\Gm@layouthoffset=\dimen109
\Gm@layoutvoffset=\dimen110
\Gm@dimlist=\toks17
)
(/usr/share/texlive/texmf-dist/tex/latex/amsfonts/amssymb.sty
Package: amssymb 2013/01/14 v3.01 AMS font symbols

(/usr/share/texlive/texmf-dist/tex/latex/amsfonts/amsfonts.sty
Package: amsfonts 2013/01/14 v3.01 Basic AMSFonts support
\@emptytoks=\toks18
\symAMSa=\mathgroup4
\symAMSb=\mathgroup5
LaTeX Font Info:    Overwriting math alphabet `\mathfrak' in version `bold'
(Font)                  U/euf/m/n --> U/euf/b/n on input line 106.
))
(/usr/share/texlive/texmf-dist/tex/latex/base/newlfont.sty
Package: newlfont 1998/08/17 v2.2m Standard LaTeX package
LaTeX Info: Redefining \em on input line 72.

(/usr/share/texlive/texmf-dist/tex/latex/base/latexsym.sty
Package: latexsym 1998/08/17 v2.2e Standard LaTeX package (lasy symbols)
\symlasy=\mathgroup6
LaTeX Font Info:    Overwriting symbol font `lasy' in version `bold'
(Font)                  U/lasy/m/n --> U/lasy/b/n on input line 52.
))
(/usr/share/texlive/texmf-dist/tex/latex/tools/indentfirst.sty
Package: indentfirst 1995/11/23 v1.03 Indent first paragraph (DPC)
)
(/usr/share/texlive/texmf-dist/tex/latex/subfigure/subfigure.sty
Package: subfigure 2002/03/15 v2.1.5 subfigure package
\subfigtopskip=\skip43
\subfigcapskip=\skip44
\subfigcaptopadj=\dimen111
\subfigbottomskip=\skip45
\subfigcapmargin=\dimen112
\subfiglabelskip=\skip46
\c@subfigure=\count90
\c@lofdepth=\count91
\c@subtable=\count92
\c@lotdepth=\count93

****************************************
* Local config file subfigure.cfg used *
****************************************
(/usr/share/texlive/texmf-dist/tex/latex/subfigure/subfigure.cfg)
\subfig@top=\skip47
\subfig@bottom=\skip48
)
(/usr/share/texlive/texmf-dist/tex/latex/graphics/graphicx.sty
Package: graphicx 2014/10/28 v1.0g Enhanced LaTeX Graphics (DPC,SPQR)

(/usr/share/texlive/texmf-dist/tex/latex/graphics/graphics.sty
Package: graphics 2016/01/03 v1.0q Standard LaTeX Graphics (DPC,SPQR)

(/usr/share/texlive/texmf-dist/tex/latex/graphics/trig.sty
Package: trig 2016/01/03 v1.10 sin cos tan (DPC)
)
(/usr/share/texlive/texmf-dist/tex/latex/latexconfig/graphics.cfg
File: graphics.cfg 2010/04/23 v1.9 graphics configuration of TeX Live
)
Package graphics Info: Driver file: pdftex.def on input line 95.

(/usr/share/texlive/texmf-dist/tex/latex/pdftex-def/pdftex.def
File: pdftex.def 2011/05/27 v0.06d Graphics/color for pdfTeX

(/usr/share/texlive/texmf-dist/tex/generic/oberdiek/infwarerr.sty
Package: infwarerr 2010/04/08 v1.3 Providing info/warning/error messages (HO)
)
(/usr/share/texlive/texmf-dist/tex/generic/oberdiek/ltxcmds.sty
Package: ltxcmds 2011/11/09 v1.22 LaTeX kernel commands for general use (HO)
)
\Gread@gobject=\count94
))
\Gin@req@height=\dimen113
\Gin@req@width=\dimen114
)
(/usr/share/texlive/texmf-dist/tex/latex/oberdiek/epstopdf.sty
Package: epstopdf 2010/02/09 v2.5 Conversion with epstopdf on the fly (HO)

(/usr/share/texlive/texmf-dist/tex/latex/oberdiek/epstopdf-base.sty
Package: epstopdf-base 2010/02/09 v2.5 Base part for package epstopdf

(/usr/share/texlive/texmf-dist/tex/latex/oberdiek/grfext.sty
Package: grfext 2010/08/19 v1.1 Manage graphics extensions (HO)

(/usr/share/texlive/texmf-dist/tex/generic/oberdiek/kvdefinekeys.sty
Package: kvdefinekeys 2011/04/07 v1.3 Define keys (HO)
))
(/usr/share/texlive/texmf-dist/tex/latex/oberdiek/kvoptions.sty
Package: kvoptions 2011/06/30 v3.11 Key value format for package options (HO)

(/usr/share/texlive/texmf-dist/tex/generic/oberdiek/kvsetkeys.sty
Package: kvsetkeys 2012/04/25 v1.16 Key value parser (HO)

(/usr/share/texlive/texmf-dist/tex/generic/oberdiek/etexcmds.sty
Package: etexcmds 2011/02/16 v1.5 Avoid name clashes with e-TeX commands (HO)

(/usr/share/texlive/texmf-dist/tex/generic/oberdiek/ifluatex.sty
Package: ifluatex 2010/03/01 v1.3 Provides the ifluatex switch (HO)
Package ifluatex Info: LuaTeX not detected.
)
Package etexcmds Info: Could not find \expanded.
(etexcmds)             That can mean that you are not using pdfTeX 1.50 or
(etexcmds)             that some package has redefined \expanded.
(etexcmds)             In the latter case, load this package earlier.
)))
(/usr/share/texlive/texmf-dist/tex/generic/oberdiek/pdftexcmds.sty
Package: pdftexcmds 2011/11/29 v0.20 Utility functions of pdfTeX for LuaTeX (HO
)
Package pdftexcmds Info: LuaTeX not detected.
Package pdftexcmds Info: \pdf@primitive is available.
Package pdftexcmds Info: \pdf@ifprimitive is available.
Package pdftexcmds Info: \pdfdraftmode found.
)
Package grfext Info: Graphics extension search list:
(grfext)             [.png,.pdf,.jpg,.mps,.jpeg,.jbig2,.jb2,.PNG,.PDF,.JPG,.JPE
G,.JBIG2,.JB2,.eps]
(grfext)             \AppendGraphicsExtensions on input line 452.

(/usr/share/texlive/texmf-dist/tex/latex/latexconfig/epstopdf-sys.cfg
File: epstopdf-sys.cfg 2010/07/13 v1.3 Configuration of (r)epstopdf for TeX Liv
e
)))
(/usr/share/texlive/texmf-dist/tex/latex/float/float.sty
Package: float 2001/11/08 v1.3d Float enhancements (AL)
\c@float@type=\count95
\float@exts=\toks19
\float@box=\box26
\@float@everytoks=\toks20
\@floatcapt=\box27
)
(/usr/share/texlive/texmf-dist/tex/latex/tools/enumerate.sty
Package: enumerate 2015/07/23 v3.00 enumerate extensions (DPC)
\@enLab=\toks21
)
(/usr/share/texlive/texmf-dist/tex/latex/tools/array.sty
Package: array 2014/10/28 v2.4c Tabular extension package (FMi)
\col@sep=\dimen115
\extrarowheight=\dimen116
\NC@list=\toks22
\extratabsurround=\skip49
\backup@length=\skip50
)
(/usr/share/texlive/texmf-dist/tex/latex/amsmath/amsmath.sty
Package: amsmath 2016/03/03 v2.15a AMS math features
\@mathmargin=\skip51

For additional information on amsmath, use the `?' option.
(/usr/share/texlive/texmf-dist/tex/latex/amsmath/amstext.sty
Package: amstext 2000/06/29 v2.01 AMS text

(/usr/share/texlive/texmf-dist/tex/latex/amsmath/amsgen.sty
File: amsgen.sty 1999/11/30 v2.0 generic functions
\@emptytoks=\toks23
\ex@=\dimen117
))
(/usr/share/texlive/texmf-dist/tex/latex/amsmath/amsbsy.sty
Package: amsbsy 1999/11/29 v1.2d Bold Symbols
\pmbraise@=\dimen118
)
(/usr/share/texlive/texmf-dist/tex/latex/amsmath/amsopn.sty
Package: amsopn 1999/12/14 v2.01 operator names
)
\inf@bad=\count96
LaTeX Info: Redefining \frac on input line 199.
\uproot@=\count97
\leftroot@=\count98
LaTeX Info: Redefining \overline on input line 297.
\classnum@=\count99
\DOTSCASE@=\count100
LaTeX Info: Redefining \ldots on input line 394.
LaTeX Info: Redefining \dots on input line 397.
LaTeX Info: Redefining \cdots on input line 518.
\Mathstrutbox@=\box28
\strutbox@=\box29
\big@size=\dimen119
LaTeX Font Info:    Redeclaring font encoding OML on input line 630.
LaTeX Font Info:    Redeclaring font encoding OMS on input line 631.
\macc@depth=\count101
\c@MaxMatrixCols=\count102
\dotsspace@=\muskip10
\c@parentequation=\count103
\dspbrk@lvl=\count104
\tag@help=\toks24
\row@=\count105
\column@=\count106
\maxfields@=\count107
\andhelp@=\toks25
\eqnshift@=\dimen120
\alignsep@=\dimen121
\tagshift@=\dimen122
\tagwidth@=\dimen123
\totwidth@=\dimen124
\lineht@=\dimen125
\@envbody=\toks26
\multlinegap=\skip52
\multlinetaggap=\skip53
\mathdisplay@stack=\toks27
LaTeX Info: Redefining \[ on input line 2735.
LaTeX Info: Redefining \] on input line 2736.
)
(/usr/share/texlive/texmf-dist/tex/latex/amscls/amsthm.sty
Package: amsthm 2015/03/04 v2.20.2
\thm@style=\toks28
\thm@bodyfont=\toks29
\thm@headfont=\toks30
\thm@notefont=\toks31
\thm@headpunct=\toks32
\thm@preskip=\skip54
\thm@postskip=\skip55
\thm@headsep=\skip56
\dth@everypar=\toks33
)
(/usr/share/texlive/texmf-dist/tex/latex/listings/listings.sty
\lst@mode=\count108
\lst@gtempboxa=\box30
\lst@token=\toks34
\lst@length=\count109
\lst@currlwidth=\dimen126
\lst@column=\count110
\lst@pos=\count111
\lst@lostspace=\dimen127
\lst@width=\dimen128
\lst@newlines=\count112
\lst@lineno=\count113
\lst@maxwidth=\dimen129

(/usr/share/texlive/texmf-dist/tex/latex/listings/lstmisc.sty
File: lstmisc.sty 2015/06/04 1.6 (Carsten Heinz)
\c@lstnumber=\count114
\lst@skipnumbers=\count115
\lst@framebox=\box31
)
(/usr/share/texlive/texmf-dist/tex/latex/listings/listings.cfg
File: listings.cfg 2015/06/04 1.6 listings configuration
))
Package: listings 2015/06/04 1.6 (Carsten Heinz)

(/usr/share/texlive/texmf-dist/tex/latex/caption/caption.sty
Package: caption 2016/02/21 v3.3-144 Customizing captions (AR)

(/usr/share/texlive/texmf-dist/tex/latex/caption/caption3.sty
Package: caption3 2016/02/04 v1.7-139 caption3 kernel (AR)
Package caption3 Info: TeX engine: e-TeX on input line 67.
\captionmargin=\dimen130
\captionmargin@=\dimen131
\captionwidth=\dimen132
\caption@tempdima=\dimen133
\caption@indent=\dimen134
\caption@parindent=\dimen135
\caption@hangindent=\dimen136
)
\c@ContinuedFloat=\count116
Package caption Info: float package is loaded.
Package caption Info: listings package is loaded.
Package caption Info: subfigure package is loaded.
)
(/usr/share/texlive/texmf-dist/tex/latex/fundus-calligra/calligra.sty
Package: calligra 2012/04/10 v1.9 LaTeX package calligra
)
(/usr/share/texlive/texmf-dist/tex/latex/xcolor/xcolor.sty
Package: xcolor 2007/01/21 v2.11 LaTeX color extensions (UK)

(/usr/share/texlive/texmf-dist/tex/latex/latexconfig/color.cfg
File: color.cfg 2007/01/18 v1.5 color configuration of teTeX/TeXLive
)
Package xcolor Info: Driver file: pdftex.def on input line 225.
Package xcolor Info: Model `cmy' substituted by `cmy0' on input line 1337.
Package xcolor Info: Model `hsb' substituted by `rgb' on input line 1341.
Package xcolor Info: Model `RGB' extended on input line 1353.
Package xcolor Info: Model `HTML' substituted by `rgb' on input line 1355.
Package xcolor Info: Model `Hsb' substituted by `hsb' on input line 1356.
Package xcolor Info: Model `tHsb' substituted by `hsb' on input line 1357.
Package xcolor Info: Model `HSB' substituted by `hsb' on input line 1358.
Package xcolor Info: Model `Gray' substituted by `gray' on input line 1359.
Package xcolor Info: Model `wave' substituted by `hsb' on input line 1360.
)
(/usr/share/texlive/texmf-dist/tex/latex/makecell/makecell.sty
Package: makecell 2009/08/03 V0.1e Managing of Tab Column Heads and Cells
\rotheadsize=\dimen137
\c@nlinenum=\count117
\TeXr@lab=\toks35
)
(/usr/share/texlive/texmf-dist/tex/latex/soul/soul.sty
Package: soul 2003/11/17 v2.4 letterspacing/underlining (mf)
\SOUL@word=\toks36
\SOUL@lasttoken=\toks37
\SOUL@cmds=\toks38
\SOUL@buffer=\toks39
\SOUL@token=\toks40
\SOUL@spaceskip=\skip57
\SOUL@ttwidth=\dimen138
\SOUL@uldp=\dimen139
\SOUL@ulht=\dimen140
)
(/usr/share/texlive/texmf-dist/tex/latex/doublestroke/dsfont.sty
Package: dsfont 1995/08/01 v0.1 Double stroke roman fonts
)
(/usr/share/texlive/texmf-dist/tex/latex/subfig/subfig.sty
Package: subfig 2005/06/28 ver: 1.3 subfig package
\c@KVtest=\count118
\sf@farskip=\skip58
\sf@captopadj=\dimen141
\sf@capskip=\skip59
\sf@nearskip=\skip60
\sf@top=\skip61
\sf@bottom=\skip62
)
\c@teo=\count119
\c@lema=\count120
\c@exe=\count121
\c@defi=\count122
\c@obs=\count123
\c@prop=\count124
 (./Trabalho.aux)
\openout1 = `Trabalho.aux'.

LaTeX Font Info:    Checking defaults for OML/cmm/m/it on input line 46.
LaTeX Font Info:    ... okay on input line 46.
LaTeX Font Info:    Checking defaults for T1/cmr/m/n on input line 46.
LaTeX Font Info:    ... okay on input line 46.
LaTeX Font Info:    Checking defaults for OT1/cmr/m/n on input line 46.
LaTeX Font Info:    ... okay on input line 46.
LaTeX Font Info:    Checking defaults for OMS/cmsy/m/n on input line 46.
LaTeX Font Info:    ... okay on input line 46.
LaTeX Font Info:    Checking defaults for OMX/cmex/m/n on input line 46.
LaTeX Font Info:    ... okay on input line 46.
LaTeX Font Info:    Checking defaults for U/cmr/m/n on input line 46.
LaTeX Font Info:    ... okay on input line 46.

*geometry* driver: auto-detecting
*geometry* detected driver: pdftex
*geometry* verbose mode - [ preamble ] result:
* driver: pdftex
* paper: a4paper
* layout: <same size as paper>
* layoutoffset:(h,v)=(0.0pt,0.0pt)
* modes: 
* h-part:(L,W,R)=(85.35826pt, 455.24411pt, 56.9055pt)
* v-part:(T,H,B)=(85.35826pt, 702.78308pt, 56.9055pt)
* \paperwidth=597.50787pt
* \paperheight=845.04684pt
* \textwidth=455.24411pt
* \textheight=702.78308pt
* \oddsidemargin=13.08827pt
* \evensidemargin=13.08827pt
* \topmargin=-23.91173pt
* \headheight=12.0pt
* \headsep=25.0pt
* \topskip=11.0pt
* \footskip=30.0pt
* \marginparwidth=50.0pt
* \marginparsep=10.0pt
* \columnsep=10.0pt
* \skip\footins=10.0pt plus 4.0pt minus 2.0pt
* \hoffset=0.0pt
* \voffset=0.0pt
* \mag=1000
* \@twocolumnfalse
* \@twosidefalse
* \@mparswitchfalse
* \@reversemarginfalse
* (1in=72.27pt=25.4mm, 1cm=28.453pt)

(/usr/share/texlive/texmf-dist/tex/context/base/supp-pdf.mkii
[Loading MPS to PDF converter (version 2006.09.02).]
\scratchcounter=\count125
\scratchdimen=\dimen142
\scratchbox=\box32
\nofMPsegments=\count126
\nofMParguments=\count127
\everyMPshowfont=\toks41
\MPscratchCnt=\count128
\MPscratchDim=\dimen143
\MPnumerator=\count129
\makeMPintoPDFobject=\count130
\everyMPtoPDFconversion=\toks42
)
\c@lstlisting=\count131
Package caption Info: Begin \AtBeginDocument code.
Package caption Info: subfig package v1.3 is loaded.
Package caption Info: End \AtBeginDocument code.
LaTeX Font Info:    Try loading font information for U+msa on input line 60.
 (/usr/share/texlive/texmf-dist/tex/latex/amsfonts/umsa.fd
File: umsa.fd 2013/01/14 v3.01 AMS symbols A
)
LaTeX Font Info:    Try loading font information for U+msb on input line 60.

(/usr/share/texlive/texmf-dist/tex/latex/amsfonts/umsb.fd
File: umsb.fd 2013/01/14 v3.01 AMS symbols B
)
LaTeX Font Info:    Try loading font information for U+lasy on input line 60.

(/usr/share/texlive/texmf-dist/tex/latex/base/ulasy.fd
File: ulasy.fd 1998/08/17 v2.2e LaTeX symbol font definitions
) [1

{/var/lib/texmf/fonts/map/pdftex/updmap/pdftex.map}] [2] <entrada1.png, id=23, 
578.16pt x 433.62pt>
File: entrada1.png Graphic file (type png)

<use entrada1.png>
Package pdftex.def Info: entrada1.png used on input line 135.
(pdftex.def)             Requested size: 364.19667pt x 273.14235pt.
 <resultados1.png, id=25, 578.16pt x 433.62pt>
File: resultados1.png Graphic file (type png)

<use resultados1.png>
Package pdftex.def Info: resultados1.png used on input line 142.
(pdftex.def)             Requested size: 364.19667pt x 273.14235pt.
 [3 <./entrada1.png>] [4 <./resultados1.png>]
<entrada2.png, id=34, 578.16pt x 433.62pt>
File: entrada2.png Graphic file (type png)
 <use entrada2.png>
Package pdftex.def Info: entrada2.png used on input line 194.
(pdftex.def)             Requested size: 364.19667pt x 273.14235pt.

<resultados2.png, id=35, 578.16pt x 433.62pt>
File: resultados2.png Graphic file (type png)
 <use resultados2.png>
Package pdftex.def Info: resultados2.png used on input line 201.
(pdftex.def)             Requested size: 364.19667pt x 273.14235pt.
 [5 <./entrada2.png> <./resultados2.png>] [6] <entrada3.png, id=44, 578.16pt x 
433.62pt>
File: entrada3.png Graphic file (type png)

<use entrada3.png>
Package pdftex.def Info: entrada3.png used on input line 252.
(pdftex.def)             Requested size: 364.19667pt x 273.14235pt.
 <resultados3.png, id=45, 578.16pt x 433.62pt>
File: resultados3.png Graphic file (type png)

<use resultados3.png>
Package pdftex.def Info: resultados3.png used on input line 259.
(pdftex.def)             Requested size: 364.19667pt x 273.14235pt.
 [7 <./entrada3.png> <./resultados3.png>] [8]
<entrada4.png, id=55, 578.16pt x 433.62pt>
File: entrada4.png Graphic file (type png)
 <use entrada4.png>
Package pdftex.def Info: entrada4.png used on input line 310.
(pdftex.def)             Requested size: 364.19667pt x 273.14235pt.

<resultados4.png, id=56, 578.16pt x 433.62pt>
File: resultados4.png Graphic file (type png)
 <use resultados4.png>
Package pdftex.def Info: resultados4.png used on input line 317.
(pdftex.def)             Requested size: 364.19667pt x 273.14235pt.
 [9 <./entrada4.png> <./resultados4.png>] [10] <entrada5.png, id=65, 578.16pt x
 433.62pt>
File: entrada5.png Graphic file (type png)

<use entrada5.png>
Package pdftex.def Info: entrada5.png used on input line 369.
(pdftex.def)             Requested size: 364.19667pt x 273.14235pt.

Overfull \hbox (1.66412pt too wide) in paragraph at lines 365--372
[]\T1/cmr/m/n/10.95 Entrada tri-an-gu-lar equidis-tante dos an-tecedentes (5.0,
5.5,6.0). Obs: no-tar que os an-tecedentes
 []

<resultados5.png, id=66, 578.16pt x 433.62pt>
File: resultados5.png Graphic file (type png)
 <use resultados5.png>
Package pdftex.def Info: resultados5.png used on input line 376.
(pdftex.def)             Requested size: 364.19667pt x 273.14235pt.
 [11 <./entrada5.png> <./resultados5.png>] [12]
LaTeX Font Info:    Try loading font information for OMS+cmr on input line 425.


(/usr/share/texlive/texmf-dist/tex/latex/base/omscmr.fd
File: omscmr.fd 2014/09/29 v2.5h Standard LaTeX font definitions
)
LaTeX Font Info:    Font shape `OMS/cmr/m/n' in size <10.95> not available
(Font)              Font shape `OMS/cmsy/m/n' tried instead on input line 425.
 [13]
Underfull \hbox (badness 10000) in paragraph at lines 449--460

 []


Underfull \hbox (badness 10000) in paragraph at lines 460--463

 []


Underfull \hbox (badness 10000) in paragraph at lines 463--468

 []

[14]
File: entrada1.png Graphic file (type png)
 <use entrada1.png>
Package pdftex.def Info: entrada1.png used on input line 477.
(pdftex.def)             Requested size: 364.19667pt x 273.14235pt.
 <resultados1_comb_09.png, id=84, 578.16pt x 433.62pt>
File: resultados1_comb_09.png Graphic file (type png)

<use resultados1_comb_09.png>
Package pdftex.def Info: resultados1_comb_09.png used on input line 485.
(pdftex.def)             Requested size: 136.57338pt x 284.54257pt.

<resultados1_comb_07.png, id=85, 578.16pt x 433.62pt>
File: resultados1_comb_07.png Graphic file (type png)

<use resultados1_comb_07.png>
Package pdftex.def Info: resultados1_comb_07.png used on input line 487.
(pdftex.def)             Requested size: 136.57338pt x 284.54257pt.

<resultados1_comb_05.png, id=86, 578.16pt x 433.62pt>
File: resultados1_comb_05.png Graphic file (type png)

<use resultados1_comb_05.png>
Package pdftex.def Info: resultados1_comb_05.png used on input line 489.
(pdftex.def)             Requested size: 136.57338pt x 284.54257pt.
 [15] [16 <./resultados1_comb_09.png> <./resultados1_comb_07.png> <./resultados
1_comb_05.png>]
File: entrada2.png Graphic file (type png)
 <use entrada2.png>
Package pdftex.def Info: entrada2.png used on input line 540.
(pdftex.def)             Requested size: 364.19667pt x 273.14235pt.

<resultados2_comb_09.png, id=99, 578.16pt x 433.62pt>
File: resultados2_comb_09.png Graphic file (type png)

<use resultados2_comb_09.png>
Package pdftex.def Info: resultados2_comb_09.png used on input line 548.
(pdftex.def)             Requested size: 136.57338pt x 284.54257pt.

<resultados2_comb_07.png, id=100, 578.16pt x 433.62pt>
File: resultados2_comb_07.png Graphic file (type png)

<use resultados2_comb_07.png>
Package pdftex.def Info: resultados2_comb_07.png used on input line 550.
(pdftex.def)             Requested size: 136.57338pt x 284.54257pt.

<resultados2_comb_05.png, id=101, 578.16pt x 433.62pt>
File: resultados2_comb_05.png Graphic file (type png)

<use resultados2_comb_05.png>
Package pdftex.def Info: resultados2_comb_05.png used on input line 552.
(pdftex.def)             Requested size: 136.57338pt x 284.54257pt.
 [17] [18 <./resultados2_comb_09.png> <./resultados2_comb_07.png> <./resultados
2_comb_05.png>]
File: entrada3.png Graphic file (type png)
 <use entrada3.png>
Package pdftex.def Info: entrada3.png used on input line 603.
(pdftex.def)             Requested size: 364.19667pt x 273.14235pt.

<resultados3_comb_09.png, id=111, 578.16pt x 433.62pt>
File: resultados3_comb_09.png Graphic file (type png)

<use resultados3_comb_09.png>
Package pdftex.def Info: resultados3_comb_09.png used on input line 611.
(pdftex.def)             Requested size: 136.57338pt x 284.54257pt.

<resultados3_comb_07.png, id=112, 578.16pt x 433.62pt>
File: resultados3_comb_07.png Graphic file (type png)

<use resultados3_comb_07.png>
Package pdftex.def Info: resultados3_comb_07.png used on input line 613.
(pdftex.def)             Requested size: 136.57338pt x 284.54257pt.

<resultados3_comb_05.png, id=113, 578.16pt x 433.62pt>
File: resultados3_comb_05.png Graphic file (type png)

<use resultados3_comb_05.png>
Package pdftex.def Info: resultados3_comb_05.png used on input line 615.
(pdftex.def)             Requested size: 136.57338pt x 284.54257pt.
 [19] [20 <./resultados3_comb_09.png> <./resultados3_comb_07.png> <./resultados
3_comb_05.png>]
File: entrada4.png Graphic file (type png)
 <use entrada4.png>
Package pdftex.def Info: entrada4.png used on input line 666.
(pdftex.def)             Requested size: 364.19667pt x 273.14235pt.

<resultados4_comb_09.png, id=124, 578.16pt x 433.62pt>
File: resultados4_comb_09.png Graphic file (type png)

<use resultados4_comb_09.png>
Package pdftex.def Info: resultados4_comb_09.png used on input line 674.
(pdftex.def)             Requested size: 136.57338pt x 284.54257pt.

<resultados4_comb_07.png, id=125, 578.16pt x 433.62pt>
File: resultados4_comb_07.png Graphic file (type png)

<use resultados4_comb_07.png>
Package pdftex.def Info: resultados4_comb_07.png used on input line 676.
(pdftex.def)             Requested size: 136.57338pt x 284.54257pt.

<resultados4_comb_05.png, id=126, 578.16pt x 433.62pt>
File: resultados4_comb_05.png Graphic file (type png)

<use resultados4_comb_05.png>
Package pdftex.def Info: resultados4_comb_05.png used on input line 678.
(pdftex.def)             Requested size: 136.57338pt x 284.54257pt.
 [21] [22 <./resultados4_comb_09.png> <./resultados4_comb_07.png> <./resultados
4_comb_05.png>]
File: entrada5.png Graphic file (type png)
 <use entrada5.png>
Package pdftex.def Info: entrada5.png used on input line 730.
(pdftex.def)             Requested size: 364.19667pt x 273.14235pt.

Overfull \hbox (1.66412pt too wide) in paragraph at lines 726--733
[]\T1/cmr/m/n/10.95 Entrada tri-an-gu-lar equidis-tante dos an-tecedentes (5.0,
5.5,6.0). Obs: no-tar que os an-tecedentes
 []

<resultados5_comb_09.png, id=136, 578.16pt x 433.62pt>
File: resultados5_comb_09.png Graphic file (type png)

<use resultados5_comb_09.png>
Package pdftex.def Info: resultados5_comb_09.png used on input line 738.
(pdftex.def)             Requested size: 136.57338pt x 284.54257pt.

<resultados5_comb_07.png, id=137, 578.16pt x 433.62pt>
File: resultados5_comb_07.png Graphic file (type png)

<use resultados5_comb_07.png>
Package pdftex.def Info: resultados5_comb_07.png used on input line 740.
(pdftex.def)             Requested size: 136.57338pt x 284.54257pt.

<resultados5_comb_05.png, id=138, 578.16pt x 433.62pt>
File: resultados5_comb_05.png Graphic file (type png)

<use resultados5_comb_05.png>
Package pdftex.def Info: resultados5_comb_05.png used on input line 742.
(pdftex.def)             Requested size: 136.57338pt x 284.54257pt.
 [23] [24 <./resultados5_comb_09.png> <./resultados5_comb_07.png> <./resultados
5_comb_05.png>] [25]
LaTeX Font Info:    Try loading font information for U+dsrom on input line 820.


(/usr/share/texlive/texmf-dist/tex/latex/doublestroke/Udsrom.fd
File: Udsrom.fd 1995/08/01 v0.1 Double stroke roman font definitions
)
<numero_orig.png, id=152, 578.16pt x 433.62pt>
File: numero_orig.png Graphic file (type png)
 <use numero_orig.png>
Package pdftex.def Info: numero_orig.png used on input line 828.
(pdftex.def)             Requested size: 364.19667pt x 273.14235pt.
 [26]

LaTeX Warning: Citation `procedimento' on page 27 undefined on input line 847.

[27 <./numero_orig.png>] <numero_resultado.png, id=161, 578.16pt x 433.62pt>
File: numero_resultado.png Graphic file (type png)

<use numero_resultado.png>
Package pdftex.def Info: numero_resultado.png used on input line 879.
(pdftex.def)             Requested size: 364.19667pt x 273.14235pt.
 [28 <./numero_resultado.png>] [29] (./Trabalho.aux)

LaTeX Warning: There were undefined references.

 ) 
Here is how much of TeX's memory you used:
 7045 strings out of 493029
 99926 string characters out of 6136233
 178824 words of memory out of 5000000
 10402 multiletter control sequences out of 15000+600000
 20879 words of font info for 67 fonts, out of 8000000 for 9000
 1142 hyphenation exceptions out of 8191
 42i,14n,39p,481b,425s stack positions out of 5000i,500n,10000p,200000b,80000s
{/usr/share/texmf/fonts/enc/dvips/cm-super/cm-super-t1.enc}</usr/share/texliv
e/texmf-dist/fonts/type1/public/amsfonts/cm/cmex10.pfb></usr/share/texlive/texm
f-dist/fonts/type1/public/amsfonts/cmextra/cmex8.pfb></usr/share/texlive/texmf-
dist/fonts/type1/public/amsfonts/cm/cmmi10.pfb></usr/share/texlive/texmf-dist/f
onts/type1/public/amsfonts/cm/cmmi6.pfb></usr/share/texlive/texmf-dist/fonts/ty
pe1/public/amsfonts/cm/cmmi8.pfb></usr/share/texlive/texmf-dist/fonts/type1/pub
lic/amsfonts/cm/cmmi9.pfb></usr/share/texlive/texmf-dist/fonts/type1/public/ams
fonts/cm/cmr10.pfb></usr/share/texlive/texmf-dist/fonts/type1/public/amsfonts/c
m/cmr8.pfb></usr/share/texlive/texmf-dist/fonts/type1/public/amsfonts/cm/cmr9.p
fb></usr/share/texlive/texmf-dist/fonts/type1/public/amsfonts/cm/cmsy10.pfb></u
sr/share/texlive/texmf-dist/fonts/type1/public/amsfonts/cm/cmsy6.pfb></usr/shar
e/texlive/texmf-dist/fonts/type1/public/amsfonts/cm/cmsy8.pfb></usr/share/texli
ve/texmf-dist/fonts/type1/public/doublestroke/dsrom10.pfb></usr/share/texlive/t
exmf-dist/fonts/type1/public/amsfonts/symbols/msbm10.pfb></usr/share/texmf/font
s/type1/public/cm-super/sfbx1095.pfb></usr/share/texmf/fonts/type1/public/cm-su
per/sfbx1200.pfb></usr/share/texmf/fonts/type1/public/cm-super/sfbx1440.pfb></u
sr/share/texmf/fonts/type1/public/cm-super/sfrm0900.pfb></usr/share/texmf/fonts
/type1/public/cm-super/sfrm1095.pfb></usr/share/texmf/fonts/type1/public/cm-sup
er/sfti1095.pfb>
Output written on Trabalho.pdf (29 pages, 1719601 bytes).
PDF statistics:
 234 PDF objects out of 1000 (max. 8388607)
 127 compressed objects within 2 object streams
 0 named destinations out of 1000 (max. 500000)
 136 words of extra memory for PDF output out of 10000 (max. 10000000)

